时间：2018-09-30 20:41:31:944 事件：SDK初始化成功 
时间：2018-09-30 20:41:32:553 事件：登录成功 
时间：2018-09-30 20:41:33:052 事件：启动预览成功 
时间：2018-09-30 20:41:33:052 事件：===========启动布防线程============ 
时间：2018-09-30 20:41:34:206 事件：==========布防完成线程============ 
时间：2018-09-30 20:41:34:206 事件：启动网络抓拍 
时间：2018-09-30 20:41:35:938 事件：System.ArgumentException: 未能封送类型，因为嵌入数组实例的长度与布局中声明的长度不匹配。
   在 OSPS.Device.HikSnap.CHCNetSDK.NET_DVR_ContinuousShoot(Int32 lUserID, NET_DVR_SNAPCFG& lpInter)
   在 OSPS.AppFramework.Shell.MainForm.StartContinuousShoot() 位置 E:\Work\正和化工\车牌识别系统\OSPS_车牌识别\OSPS\AppFramework\OSPS.AppFramework.Shell\MainForm.cs:行号 883 
时间：2018-09-30 20:41:57:497 事件：开始注销登录 
时间：2018-09-30 20:43:29:027 事件：SDK初始化成功 
时间：2018-09-30 20:43:30:072 事件：登录成功 
时间：2018-09-30 20:43:31:195 事件：启动预览成功 
时间：2018-09-30 20:43:31:195 事件：===========启动布防线程============ 
时间：2018-09-30 20:43:34:736 事件：==========布防完成线程============ 
时间：2018-09-30 20:43:34:752 事件：启动网络抓拍 
时间：2018-09-30 20:43:37:217 事件：System.NullReferenceException: 未将对象引用设置到对象的实例。
   在 OSPS.AppFramework.Shell.MainForm.StartContinuousShoot() 位置 E:\Work\正和化工\车牌识别系统\OSPS_车牌识别\OSPS\AppFramework\OSPS.AppFramework.Shell\MainForm.cs:行号 875 
时间：2018-09-30 21:03:48:356 事件：SDK初始化成功 
时间：2018-09-30 21:06:40:732 事件：SDK初始化成功 
