时间：2018-10-09 15:31:24:342 事件：SDK初始化成功 
时间：2018-10-09 15:31:24:529 事件：登录成功 
时间：2018-10-09 15:31:25:137 事件：启动预览成功 
时间：2018-10-09 15:31:25:137 事件：===========启动布防线程============ 
时间：2018-10-09 15:31:39:755 事件：==========布防完成线程============ 
时间：2018-10-09 15:31:39:770 事件：启动网络抓拍 
时间：2018-10-09 15:32:46:289 事件：SDK初始化成功 
时间：2018-10-09 15:32:46:460 事件：登录成功 
时间：2018-10-09 15:32:47:069 事件：启动预览成功 
时间：2018-10-09 15:32:47:069 事件：===========启动布防线程============ 
时间：2018-10-09 15:32:54:042 事件：==========布防完成线程============ 
时间：2018-10-09 15:32:54:042 事件：启动网络抓拍 
时间：2018-10-09 15:34:55:020 事件：SDK初始化成功 
时间：2018-10-09 15:34:55:113 事件：登录成功 
时间：2018-10-09 15:34:55:722 事件：启动预览成功 
时间：2018-10-09 15:34:55:722 事件：===========启动布防线程============ 
时间：2018-10-09 15:35:02:196 事件：==========布防完成线程============ 
时间：2018-10-09 15:35:02:196 事件：启动网络抓拍 
时间：2018-10-09 15:41:48:303 事件：SDK初始化成功 
时间：2018-10-09 15:41:48:350 事件：登录成功 
时间：2018-10-09 15:41:48:959 事件：启动预览成功 
时间：2018-10-09 15:41:48:959 事件：===========启动布防线程============ 
时间：2018-10-09 15:41:54:153 事件：==========布防完成线程============ 
时间：2018-10-09 15:41:54:153 事件：启动网络抓拍 
时间：2018-10-09 15:42:57:240 事件：新结果回调数据 
时间：2018-10-09 15:42:57:240 事件：保存抓拍图片 
时间：2018-10-09 15:42:57:240 事件：车牌号：黄鲁MA5627 
时间：2018-10-09 15:43:09:174 事件：回调结果车牌号：黄鲁MA5627入场时间为: 20181009 15:43:18:283 
时间：2018-10-09 15:43:32:919 事件：新结果回调数据 
时间：2018-10-09 15:43:32:919 事件：保存抓拍图片 
时间：2018-10-09 15:43:32:919 事件：车牌号：蓝鲁CL7566 
时间：2018-10-09 15:43:39:905 事件：回调结果车牌号：蓝鲁CL7566入场时间为: 20181009 15:44:01:976 
时间：2018-10-09 15:47:17:907 事件：SDK初始化成功 
时间：2018-10-09 15:47:18:094 事件：登录成功 
时间：2018-10-09 15:47:19:217 事件：启动预览成功 
时间：2018-10-09 15:47:19:217 事件：===========启动布防线程============ 
时间：2018-10-09 15:48:17:040 事件：SDK初始化成功 
时间：2018-10-09 15:48:17:133 事件：登录成功 
时间：2018-10-09 15:48:17:742 事件：启动预览成功 
时间：2018-10-09 15:48:17:742 事件：===========启动布防线程============ 
时间：2018-10-09 15:48:24:497 事件：==========布防完成线程============ 
时间：2018-10-09 15:48:24:497 事件：启动网络抓拍 
时间：2018-10-09 15:51:51:150 事件：新结果回调数据 
时间：2018-10-09 15:51:51:165 事件：保存抓拍图片 
时间：2018-10-09 15:51:51:165 事件：车牌号：黄鲁JA5627 
时间：2018-10-09 15:55:43:331 事件：SDK初始化成功 
时间：2018-10-09 15:55:43:611 事件：登录成功 
时间：2018-10-09 15:55:44:189 事件：启动预览成功 
时间：2018-10-09 15:55:44:189 事件：===========启动布防线程============ 
时间：2018-10-09 15:55:50:460 事件：==========布防完成线程============ 
时间：2018-10-09 15:55:50:460 事件：启动网络抓拍 
时间：2018-10-09 15:57:28:740 事件：新结果回调数据 
时间：2018-10-09 15:57:28:740 事件：保存抓拍图片 
时间：2018-10-09 15:57:28:740 事件：车牌号：黄鄂N09253 
时间：2018-10-09 15:57:28:740 事件：回调结果:车牌号：黄鄂N09253入场时间为: 20181009 15:57:57:939 
时间：2018-10-09 15:58:19:289 事件：新结果回调数据 
时间：2018-10-09 15:58:19:289 事件：保存抓拍图片 
时间：2018-10-09 15:58:19:289 事件：车牌号：黄鄂N08105 
时间：2018-10-09 15:58:19:289 事件：回调结果:车牌号：黄鄂N08105入场时间为: 20181009 15:58:48:128 
时间：2018-10-09 16:00:00:685 事件：SDK初始化成功 
时间：2018-10-09 16:00:00:747 事件：登录成功 
时间：2018-10-09 16:00:01:371 事件：启动预览成功 
时间：2018-10-09 16:00:01:371 事件：===========启动布防线程============ 
时间：2018-10-09 16:00:06:925 事件：==========布防完成线程============ 
时间：2018-10-09 16:00:06:925 事件：启动网络抓拍 
时间：2018-10-09 16:06:32:479 事件：SDK初始化成功 
时间：2018-10-09 16:06:32:525 事件：登录成功 
时间：2018-10-09 16:06:33:103 事件：启动预览成功 
时间：2018-10-09 16:06:33:103 事件：===========启动布防线程============ 
时间：2018-10-09 16:06:43:196 事件：==========布防完成线程============ 
时间：2018-10-09 16:06:43:196 事件：启动网络抓拍 
时间：2018-10-09 16:12:01:061 事件：新结果回调数据 
时间：2018-10-09 16:12:01:061 事件：保存抓拍图片 
时间：2018-10-09 16:12:01:061 事件：车牌号：黄鲁EA3213 
时间：2018-10-09 16:12:01:061 事件：回调结果:车牌号：黄鲁EA3213,入场时间为: 20181009 16:12:30:304 
时间：2018-10-09 16:12:04:571 事件：System.InvalidOperationException: 线程间操作无效: 从不是创建控件“lOrderState”的线程访问它。
   在 System.Windows.Forms.Control.get_Handle()
   在 System.Windows.Forms.Control.set_WindowText(String value)
   在 System.Windows.Forms.Control.set_Text(String value)
   在 Infragistics.Win.Misc.ControlBase.set_Text(String value)
   在 OSPS.AppFramework.Shell.MainForm.ProcessCommAlarm_ITSPlate(NET_DVR_ALARMER& pAlarmer, IntPtr pAlarmInfo, UInt32 dwBufLen, IntPtr pUser) 位置 E:\Work\正和化工\车牌识别系统\OSPS_车牌识别\OSPS\AppFramework\OSPS.AppFramework.Shell\MainForm.cs:行号 850 
时间：2018-10-09 16:42:15:058 事件：SDK初始化成功 
时间：2018-10-09 16:42:18:819 事件：NET_DVR_Login_V30 failed, error code= 7
IP: 10.80.79.33, Port: 8000 
时间：2018-10-09 16:42:23:196 事件：登陆设备失败，原因为：NET_DVR_Login_V30 failed, error code= 7
IP: 10.80.79.33, Port: 8000 
时间：2018-10-09 17:23:00:034 事件：SDK初始化成功 
时间：2018-10-09 17:23:03:671 事件：NET_DVR_Login_V30 failed, error code= 7
IP: 10.80.79.33, Port: 8000 
时间：2018-10-09 17:23:08:900 事件：登陆设备失败，原因为：NET_DVR_Login_V30 failed, error code= 7
IP: 10.80.79.33, Port: 8000 
