时间：2018-10-01 10:13:48:569 事件：SDK初始化成功 
时间：2018-10-01 10:13:48:678 事件：登录成功 
时间：2018-10-01 10:13:48:897 事件：启动预览成功 
时间：2018-10-01 10:13:48:897 事件：===========启动布防线程============ 
时间：2018-10-01 10:14:02:625 事件：==========布防完成线程============ 
时间：2018-10-01 10:14:02:640 事件：启动网络抓拍 
时间：2018-10-01 10:18:39:943 事件：SDK初始化成功 
时间：2018-10-01 10:18:40:021 事件：登录成功 
时间：2018-10-01 10:18:40:224 事件：启动预览成功 
时间：2018-10-01 10:18:40:224 事件：===========启动布防线程============ 
时间：2018-10-01 10:18:55:434 事件：==========布防完成线程============ 
时间：2018-10-01 10:18:55:434 事件：启动网络抓拍 
时间：2018-10-01 10:22:07:516 事件：SDK初始化成功 
时间：2018-10-01 10:22:14:590 事件：NET_DVR_Login_V30 failed, error code= 8
IP: 10.80.79.33, Port: 8000 
时间：2018-10-01 10:22:56:933 事件：SDK初始化成功 
时间：2018-10-01 10:22:57:104 事件：登录成功 
时间：2018-10-01 10:22:57:276 事件：启动预览成功 
时间：2018-10-01 10:22:57:276 事件：===========启动布防线程============ 
时间：2018-10-01 10:23:09:272 事件：==========布防完成线程============ 
时间：2018-10-01 10:23:09:272 事件：启动网络抓拍 
时间：2018-10-01 10:34:51:429 事件：SDK初始化成功 
时间：2018-10-01 10:34:51:819 事件：登录成功 
时间：2018-10-01 10:34:52:006 事件：启动预览成功 
时间：2018-10-01 10:34:52:006 事件：===========启动布防线程============ 
时间：2018-10-01 10:34:58:262 事件：==========布防完成线程============ 
时间：2018-10-01 10:34:58:262 事件：启动网络抓拍 
时间：2018-10-01 10:38:05:308 事件：SDK初始化成功 
时间：2018-10-01 10:38:05:386 事件：登录成功 
时间：2018-10-01 10:38:05:666 事件：启动预览成功 
时间：2018-10-01 10:38:05:666 事件：===========启动布防线程============ 
时间：2018-10-01 10:38:13:393 事件：==========布防完成线程============ 
时间：2018-10-01 10:38:13:393 事件：启动网络抓拍 
时间：2018-10-01 10:39:52:636 事件：SDK初始化成功 
时间：2018-10-01 10:39:52:729 事件：登录成功 
时间：2018-10-01 10:39:52:917 事件：启动预览成功 
时间：2018-10-01 10:39:52:917 事件：===========启动布防线程============ 
时间：2018-10-01 10:39:58:345 事件：==========布防完成线程============ 
时间：2018-10-01 10:39:58:345 事件：启动网络抓拍 
时间：2018-10-01 10:46:59:638 事件：无车牌 
时间：2018-10-01 10:47:00:871 事件：新结果回调数据 
时间：2018-10-01 10:47:00:871 事件：保存抓拍图片 
时间：2018-10-01 10:47:00:917 事件：车牌号：黄冀JL8637 
时间：2018-10-01 10:47:28:810 事件：无车牌 
时间：2018-10-01 10:47:29:933 事件：新结果回调数据 
时间：2018-10-01 10:47:29:933 事件：保存抓拍图片 
时间：2018-10-01 10:47:29:933 事件：车牌号：黄冀JG0733 
时间：2018-10-01 10:59:36:891 事件：SDK初始化成功 
时间：2018-10-01 10:59:36:985 事件：登录成功 
时间：2018-10-01 10:59:37:156 事件：启动预览成功 
时间：2018-10-01 10:59:37:156 事件：===========启动布防线程============ 
时间：2018-10-01 10:59:50:557 事件：==========布防完成线程============ 
时间：2018-10-01 10:59:50:557 事件：启动网络抓拍 
时间：2018-10-01 11:03:59:065 事件：无车牌 
时间：2018-10-01 11:08:56:395 事件：开始注销登录 
